<?xml version="1.0" encoding="UTF-8"?>
<!-- Generated by org.testng.reporters.JUnitXMLReporter -->
<testsuite hostname="SL-1246" failures="0" tests="12" name="Command line test" time="157.878" errors="0" timestamp="1 Apr 2020 14:24:12 GMT">
  <testcase classname="com.DemoTest.Tests.WebDemoTest" name="LoginDesktopParameterExample" time="0.0">
    <skipped/>
  </testcase> <!-- LoginDesktopParameterExample -->
  <testcase classname="com.DemoTest.Tests.WebDemoTest" name="LoginDesktopWeb" time="22.284"/>
  <testcase classname="com.DemoTest.Tests.WebDemoTest" name="LoginDesktopWeb" time="24.408"/>
  <testcase classname="com.DemoTest.Tests.WebDemoTest" name="LoginDesktopWeb" time="25.122"/>
  <testcase classname="com.DemoTest.Tests.WebDemoTest" name="LoginDesktopWeb" time="26.568"/>
  <testcase classname="com.DemoTest.Tests.WebDemoTest" name="LoginDesktopWeb" time="27.185"/>
  <testcase classname="com.DemoTest.Tests.WebDemoTest" name="LoginDesktopWeb" time="28.166"/>
  <testcase classname="com.DemoTest.Tests.WebDemoTest" name="LoginDesktopWeb" time="28.585"/>
  <testcase classname="com.DemoTest.Tests.WebDemoTest" name="LoginDesktopWeb" time="32.208"/>
  <testcase classname="com.DemoTest.Tests.WebDemoTest" name="LoginDesktopWeb" time="34.495"/>
  <testcase classname="com.DemoTest.Tests.WebDemoTest" name="pageValidationEmulator" time="40.143"/>
  <testcase classname="com.DemoTest.Tests.WebDemoTest" name="pageValidationSimulator" time="77.607"/>
</testsuite> <!-- Command line test -->
