<?xml version="1.0" encoding="UTF-8"?>
<testng-results total="1" passed="1" failed="0" skipped="0">
  <reporter-output>
  </reporter-output>
  <suite started-at="2020-04-01T14:46:36Z" name="All Test Suite" finished-at="2020-04-01T14:47:20Z" duration-ms="43999">
    <groups>
    </groups>
    <test started-at="2020-04-01T14:46:36Z" name="/Users/ianflanagan/Workspace/JavaClass/JavaWebDemo/responsivewebdemo" finished-at="2020-04-01T14:47:20Z" duration-ms="43999">
      <class name="com.DemoTest.Tests.WebDemoTest">
        <test-method signature="pageValidationEmulator(java.lang.String, java.lang.String, java.lang.String, java.lang.String, java.lang.String, java.lang.reflect.Method)[pri:0, instance:com.DemoTest.Tests.WebDemoTest@2fd66ad3]" started-at="2020-04-01T09:46:36Z" name="pageValidationEmulator" data-provider="Emulators" finished-at="2020-04-01T09:47:19Z" duration-ms="43022" status="PASS">
          <params>
            <param index="0">
              <value>
                <![CDATA[Android GoogleAPI Emulator]]>
              </value>
            </param>
            <param index="1">
              <value>
                <![CDATA[portrait]]>
              </value>
            </param>
            <param index="2">
              <value>
                <![CDATA[Chrome]]>
              </value>
            </param>
            <param index="3">
              <value>
                <![CDATA[8.0]]>
              </value>
            </param>
            <param index="4">
              <value>
                <![CDATA[Android]]>
              </value>
            </param>
            <param index="5">
              <value>
                <![CDATA[public void com.DemoTest.Tests.WebDemoTest.pageValidationEmulator(java.lang.String,java.lang.String,java.lang.String,java.lang.String,java.lang.String,java.lang.reflect.Method) throws java.net.MalformedURLException,java.rmi.UnexpectedException]]>
              </value>
            </param>
          </params>
          <reporter-output>
          </reporter-output>
        </test-method> <!-- pageValidationEmulator -->
        <test-method is-config="true" signature="tearDown(org.testng.ITestResult)[pri:0, instance:com.DemoTest.Tests.WebDemoTest@2fd66ad3]" started-at="2020-04-01T09:47:19Z" name="tearDown" finished-at="2020-04-01T09:47:20Z" duration-ms="962" status="PASS">
          <params>
            <param index="0">
              <value>
                <![CDATA[[TestResult name=pageValidationEmulator status=SUCCESS method=WebDemoTest.pageValidationEmulator(java.lang.String, java.lang.String, java.lang.String, java.lang.String, java.lang.String, java.lang.reflect.Method)[pri:0, instance:com.DemoTest.Tests.WebDemoTest@2fd66ad3] output={null}]]]>
              </value>
            </param>
          </params>
          <reporter-output>
          </reporter-output>
        </test-method> <!-- tearDown -->
      </class> <!-- com.DemoTest.Tests.WebDemoTest -->
    </test> <!-- /Users/ianflanagan/Workspace/JavaClass/JavaWebDemo/responsivewebdemo -->
  </suite> <!-- All Test Suite -->
</testng-results>
